TN:
SF:src/component/ThemeToggle.tsx
FN:9,ThemeToggle
FN:33,useTheme
FN:55,LanguageToggle
FN:77,onClick
FN:86,onClick
FNF:5
FNH:3
FNDA:4,ThemeToggle
FNDA:4,useTheme
FNDA:6,LanguageToggle
FNDA:0,onClick
FNDA:0,onClick
DA:1,1
DA:9,1
DA:10,4
DA:11,4
DA:13,4
DA:14,4
DA:15,4
DA:16,4
DA:17,4
DA:18,4
DA:20,4
DA:21,1
DA:22,1
DA:23,1
DA:25,3
DA:26,3
DA:27,3
DA:29,4
DA:31,4
DA:33,1
DA:34,4
DA:35,3
DA:36,3
DA:37,3
DA:38,3
DA:39,3
DA:40,0
DA:41,4
DA:43,4
DA:44,4
DA:45,4
DA:46,4
DA:48,4
DA:49,1
DA:50,4
DA:52,4
DA:53,4
DA:55,1
DA:56,6
DA:58,6
DA:59,6
DA:60,6
DA:61,6
DA:62,6
DA:63,6
DA:64,6
DA:65,6
DA:67,6
DA:68,6
DA:69,6
DA:70,6
DA:71,6
DA:72,6
DA:73,6
DA:74,6
DA:75,6
DA:76,6
DA:77,6
DA:78,6
DA:80,6
DA:81,6
DA:82,6
DA:83,6
DA:84,6
DA:85,6
DA:86,6
DA:87,6
DA:89,6
DA:90,6
DA:91,6
DA:92,6
DA:94,6
LF:72
LH:71
BRDA:9,0,0,4
BRDA:17,1,0,1
BRDA:17,2,0,3
BRDA:18,3,0,1
BRDA:18,4,0,3
BRDA:20,5,0,1
BRDA:23,6,0,3
BRDA:33,7,0,4
BRDA:34,8,0,3
BRDA:37,9,0,0
BRDA:38,10,0,0
BRDA:39,11,0,0
BRDA:43,12,0,4
BRDA:48,13,0,1
BRDA:49,14,0,1
BRDA:49,15,0,0
BRDA:55,16,0,6
BRDA:70,17,0,0
BRDA:75,18,0,0
BRDA:84,19,0,0
BRF:20
BRH:13
end_of_record
TN:
SF:src/component/Toast.tsx
FN:9,Toast
FN:43,ToastContainer
FN:51,onClose
FNF:3
FNH:2
FNDA:1,Toast
FNDA:2,ToastContainer
FNDA:0,onClose
DA:1,1
DA:9,1
DA:10,1
DA:12,1
DA:13,1
DA:14,1
DA:15,1
DA:16,1
DA:17,1
DA:18,1
DA:20,1
DA:21,1
DA:22,1
DA:23,1
DA:24,1
DA:25,1
DA:26,1
DA:27,1
DA:28,1
DA:29,1
DA:30,1
DA:32,1
DA:43,1
DA:44,2
DA:45,2
DA:46,2
DA:47,1
DA:48,1
DA:49,1
DA:50,1
DA:51,1
DA:52,1
DA:53,2
DA:54,2
DA:56,2
LF:35
LH:35
BRDA:9,0,0,1
BRDA:43,1,0,2
BRDA:46,2,0,1
BRF:3
BRH:3
end_of_record
TN:
SF:src/data/municipalities.ts
FN:37,getYearOptions
FNF:1
FNH:1
FNDA:5,getYearOptions
DA:6,1
DA:7,1
DA:8,1
DA:9,1
DA:10,1
DA:11,1
DA:12,1
DA:13,1
DA:14,1
DA:15,1
DA:16,1
DA:17,1
DA:18,1
DA:19,1
DA:20,1
DA:21,1
DA:22,1
DA:23,1
DA:24,1
DA:25,1
DA:26,1
DA:27,1
DA:28,1
DA:29,1
DA:30,1
DA:31,1
DA:32,1
DA:33,1
DA:34,1
DA:35,1
DA:37,1
DA:38,5
DA:39,5
DA:40,25
DA:41,25
DA:42,5
DA:43,5
LF:37
LH:37
BRDA:37,0,0,5
BRDA:39,1,0,25
BRF:2
BRH:2
end_of_record
TN:
SF:src/i18n/index.tsx
FN:12,detectLocale
FN:31,I18nProvider
FN:39,setLocale
FN:43,translationKey
FN:54,useI18n
FNF:5
FNH:5
FNDA:20,detectLocale
FNDA:15,I18nProvider
FNDA:2,setLocale
FNDA:12,translationKey
FNDA:19,useI18n
DA:1,1
DA:10,1
DA:12,20
DA:13,20
DA:14,20
DA:15,2
DA:16,2
DA:18,20
DA:19,20
DA:20,16
DA:21,16
DA:23,2
DA:24,2
DA:25,4
DA:26,2
DA:28,2
DA:29,20
DA:31,1
DA:32,15
DA:34,15
DA:35,15
DA:36,15
DA:37,15
DA:39,15
DA:40,2
DA:41,2
DA:43,15
DA:44,12
DA:45,12
DA:47,15
DA:48,15
DA:49,15
DA:50,15
DA:52,15
DA:54,1
DA:55,19
DA:56,19
DA:57,4
DA:58,4
DA:59,15
DA:60,15
LF:41
LH:41
BRDA:12,0,0,20
BRDA:14,1,0,3
BRDA:14,2,0,19
BRDA:14,3,0,2
BRDA:16,4,0,18
BRDA:18,5,0,0
BRDA:19,6,0,16
BRDA:21,7,0,2
BRDA:24,8,0,4
BRDA:31,9,0,15
BRDA:34,10,0,15
BRDA:39,11,0,2
BRDA:43,12,0,12
BRDA:44,13,0,0
BRDA:44,14,0,0
BRDA:54,15,0,19
BRDA:56,16,0,15
BRDA:56,17,0,4
BRF:18
BRH:15
end_of_record
TN:
SF:src/i18n/translations.ts
FNF:0
FNH:0
DA:1,1
DA:2,1
DA:3,1
DA:4,1
DA:5,1
DA:6,1
DA:7,1
DA:8,1
DA:9,1
DA:10,1
DA:11,1
DA:12,1
DA:13,1
DA:14,1
DA:15,1
DA:16,1
DA:17,1
DA:18,1
DA:19,1
DA:20,1
DA:21,1
DA:22,1
DA:23,1
DA:24,1
DA:25,1
DA:26,1
DA:27,1
DA:28,1
DA:29,1
DA:30,1
DA:31,1
DA:32,1
DA:33,1
DA:34,1
DA:35,1
DA:36,1
DA:37,1
DA:38,1
DA:39,1
DA:40,1
DA:41,1
DA:42,1
DA:43,1
DA:44,1
DA:45,1
DA:46,1
DA:47,1
DA:48,1
DA:49,1
DA:50,1
DA:51,1
DA:52,1
DA:53,1
DA:54,1
DA:55,1
DA:56,1
DA:57,1
DA:58,1
DA:59,1
DA:60,1
DA:61,1
DA:62,1
DA:63,1
DA:64,1
DA:65,1
DA:66,1
DA:67,1
DA:68,1
DA:69,1
DA:70,1
LF:70
LH:70
BRF:0
BRH:0
end_of_record
