{"/var/www/html/balneabilidade-praias-sc/vite-react/packages/server/src/utils.ts": {"path":"/var/www/html/balneabilidade-praias-sc/vite-react/packages/server/src/utils.ts","all":false,"statementMap":{"0":{"start":{"line":1,"column":0},"end":{"line":1,"column":53}},"1":{"start":{"line":2,"column":0},"end":{"line":2,"column":19}},"2":{"start":{"line":3,"column":0},"end":{"line":3,"column":21}},"3":{"start":{"line":4,"column":0},"end":{"line":4,"column":36}},"4":{"start":{"line":5,"column":0},"end":{"line":5,"column":25}},"5":{"start":{"line":6,"column":0},"end":{"line":6,"column":39}},"6":{"start":{"line":7,"column":0},"end":{"line":7,"column":19}},"7":{"start":{"line":8,"column":0},"end":{"line":8,"column":13}},"8":{"start":{"line":9,"column":0},"end":{"line":9,"column":1}},"10":{"start":{"line":11,"column":0},"end":{"line":11,"column":67}},"11":{"start":{"line":12,"column":0},"end":{"line":12,"column":27}},"12":{"start":{"line":13,"column":0},"end":{"line":13,"column":49}},"13":{"start":{"line":14,"column":0},"end":{"line":14,"column":1}},"15":{"start":{"line":16,"column":0},"end":{"line":16,"column":74}},"16":{"start":{"line":17,"column":0},"end":{"line":17,"column":38}},"17":{"start":{"line":18,"column":0},"end":{"line":18,"column":31}},"18":{"start":{"line":19,"column":0},"end":{"line":19,"column":33}},"19":{"start":{"line":20,"column":0},"end":{"line":20,"column":1}},"21":{"start":{"line":22,"column":0},"end":{"line":22,"column":56}},"22":{"start":{"line":23,"column":0},"end":{"line":23,"column":37}},"23":{"start":{"line":24,"column":0},"end":{"line":24,"column":36}},"24":{"start":{"line":25,"column":0},"end":{"line":25,"column":1}},"26":{"start":{"line":27,"column":0},"end":{"line":27,"column":53}},"27":{"start":{"line":28,"column":0},"end":{"line":28,"column":35}},"28":{"start":{"line":29,"column":0},"end":{"line":29,"column":27}},"29":{"start":{"line":30,"column":0},"end":{"line":30,"column":37}},"30":{"start":{"line":31,"column":0},"end":{"line":31,"column":37}},"31":{"start":{"line":32,"column":0},"end":{"line":32,"column":3}},"32":{"start":{"line":33,"column":0},"end":{"line":33,"column":17}},"33":{"start":{"line":34,"column":0},"end":{"line":34,"column":1}},"35":{"start":{"line":36,"column":0},"end":{"line":36,"column":77}},"36":{"start":{"line":37,"column":0},"end":{"line":37,"column":48}},"37":{"start":{"line":38,"column":0},"end":{"line":38,"column":1}}},"s":{"0":1,"1":7,"2":7,"3":7,"4":7,"5":7,"6":7,"7":7,"8":7,"10":1,"11":5,"12":5,"13":5,"15":1,"16":5,"17":4,"18":4,"19":4,"21":1,"22":4,"23":4,"24":4,"26":1,"27":4,"28":4,"29":3,"30":3,"31":3,"32":1,"33":1,"35":1,"36":5,"37":5},"branchMap":{"0":{"type":"branch","line":1,"loc":{"start":{"line":1,"column":7},"end":{"line":9,"column":1}},"locations":[{"start":{"line":1,"column":7},"end":{"line":9,"column":1}}]},"1":{"type":"branch","line":11,"loc":{"start":{"line":11,"column":7},"end":{"line":14,"column":1}},"locations":[{"start":{"line":11,"column":7},"end":{"line":14,"column":1}}]},"2":{"type":"branch","line":13,"loc":{"start":{"line":13,"column":27},"end":{"line":13,"column":49}},"locations":[{"start":{"line":13,"column":27},"end":{"line":13,"column":49}}]},"3":{"type":"branch","line":16,"loc":{"start":{"line":16,"column":7},"end":{"line":20,"column":1}},"locations":[{"start":{"line":16,"column":7},"end":{"line":20,"column":1}}]},"4":{"type":"branch","line":17,"loc":{"start":{"line":17,"column":26},"end":{"line":17,"column":38}},"locations":[{"start":{"line":17,"column":26},"end":{"line":17,"column":38}}]},"5":{"type":"branch","line":17,"loc":{"start":{"line":17,"column":33},"end":{"line":20,"column":1}},"locations":[{"start":{"line":17,"column":33},"end":{"line":20,"column":1}}]},"6":{"type":"branch","line":22,"loc":{"start":{"line":22,"column":7},"end":{"line":25,"column":1}},"locations":[{"start":{"line":22,"column":7},"end":{"line":25,"column":1}}]},"7":{"type":"branch","line":24,"loc":{"start":{"line":24,"column":21},"end":{"line":24,"column":29}},"locations":[{"start":{"line":24,"column":21},"end":{"line":24,"column":29}}]},"8":{"type":"branch","line":24,"loc":{"start":{"line":24,"column":25},"end":{"line":24,"column":36}},"locations":[{"start":{"line":24,"column":25},"end":{"line":24,"column":36}}]},"9":{"type":"branch","line":27,"loc":{"start":{"line":27,"column":7},"end":{"line":34,"column":1}},"locations":[{"start":{"line":27,"column":7},"end":{"line":34,"column":1}}]},"10":{"type":"branch","line":29,"loc":{"start":{"line":29,"column":26},"end":{"line":32,"column":3}},"locations":[{"start":{"line":29,"column":26},"end":{"line":32,"column":3}}]},"11":{"type":"branch","line":32,"loc":{"start":{"line":32,"column":2},"end":{"line":34,"column":1}},"locations":[{"start":{"line":32,"column":2},"end":{"line":34,"column":1}}]},"12":{"type":"branch","line":36,"loc":{"start":{"line":36,"column":7},"end":{"line":38,"column":1}},"locations":[{"start":{"line":36,"column":7},"end":{"line":38,"column":1}}]},"13":{"type":"branch","line":37,"loc":{"start":{"line":37,"column":18},"end":{"line":37,"column":36}},"locations":[{"start":{"line":37,"column":18},"end":{"line":37,"column":36}}]},"14":{"type":"branch","line":37,"loc":{"start":{"line":37,"column":24},"end":{"line":37,"column":48}},"locations":[{"start":{"line":37,"column":24},"end":{"line":37,"column":48}}]}},"b":{"0":[7],"1":[5],"2":[3],"3":[5],"4":[1],"5":[4],"6":[4],"7":[1],"8":[3],"9":[4],"10":[3],"11":[1],"12":[5],"13":[3],"14":[2]},"fnMap":{"0":{"name":"normalizeKey","decl":{"start":{"line":1,"column":7},"end":{"line":9,"column":1}},"loc":{"start":{"line":1,"column":7},"end":{"line":9,"column":1}},"line":1},"1":{"name":"validateMunicipioId","decl":{"start":{"line":11,"column":7},"end":{"line":14,"column":1}},"loc":{"start":{"line":11,"column":7},"end":{"line":14,"column":1}},"line":11},"2":{"name":"validateYear","decl":{"start":{"line":16,"column":7},"end":{"line":20,"column":1}},"loc":{"start":{"line":16,"column":7},"end":{"line":20,"column":1}},"line":16},"3":{"name":"parseEcoliValue","decl":{"start":{"line":22,"column":7},"end":{"line":25,"column":1}},"loc":{"start":{"line":22,"column":7},"end":{"line":25,"column":1}},"line":22},"4":{"name":"formatDate","decl":{"start":{"line":27,"column":7},"end":{"line":34,"column":1}},"loc":{"start":{"line":27,"column":7},"end":{"line":34,"column":1}},"line":27},"5":{"name":"getBathingCondition","decl":{"start":{"line":36,"column":7},"end":{"line":38,"column":1}},"loc":{"start":{"line":36,"column":7},"end":{"line":38,"column":1}},"line":36}},"f":{"0":7,"1":5,"2":5,"3":4,"4":4,"5":5}}
}
