TN:
SF:src/utils.ts
FN:1,normalizeKey
FN:11,validateMunicipioId
FN:16,validateYear
FN:22,parseEcoliValue
FN:27,formatDate
FN:36,getBathingCondition
FNF:6
FNH:6
FNDA:7,normalizeKey
FNDA:5,validateMunicipioId
FNDA:5,validateYear
FNDA:4,parseEcoliValue
FNDA:4,formatDate
FNDA:5,getBathingCondition
DA:1,1
DA:2,7
DA:3,7
DA:4,7
DA:5,7
DA:6,7
DA:7,7
DA:8,7
DA:9,7
DA:11,1
DA:12,5
DA:13,5
DA:14,5
DA:16,1
DA:17,5
DA:18,4
DA:19,4
DA:20,4
DA:22,1
DA:23,4
DA:24,4
DA:25,4
DA:27,1
DA:28,4
DA:29,4
DA:30,3
DA:31,3
DA:32,3
DA:33,1
DA:34,1
DA:36,1
DA:37,5
DA:38,5
LF:33
LH:33
BRDA:1,0,0,7
BRDA:11,1,0,5
BRDA:13,2,0,3
BRDA:16,3,0,5
BRDA:17,4,0,1
BRDA:17,5,0,4
BRDA:22,6,0,4
BRDA:24,7,0,1
BRDA:24,8,0,3
BRDA:27,9,0,4
BRDA:29,10,0,3
BRDA:32,11,0,1
BRDA:36,12,0,5
BRDA:37,13,0,3
BRDA:37,14,0,2
BRF:15
BRH:15
end_of_record
